

{"date":"24-04-2019 13:32","action":"upgrade_SWB","query":"ALTER TABLE \"GEORGEDB_NEW\".\"OPTM_APS_PRODOPER\" ALTER (\"REF_ID\" integer)"}



{"date":"24-04-2019 13:32","action":"upgrade_SWB","query":"ALTER TABLE \"GEORGEDB_NEW\".\"OPTM_APS_PRODOPER\" ALTER (\"HEAD_DOC_ENTRY\" integer)"}



{"date":"24-04-2019 13:32","action":"upgrade_SWB","query":"ALTER TABLE \"GEORGEDB_NEW\".\"OPTM_APS_PRODOPER\" ALTER (\"OPER_DOC_ENTRY\" integer)"}



{"date":"24-04-2019 13:32","action":"upgrade_SWB","query":"ALTER TABLE \"GEORGEDB_NEW\".\"OPTM_APS_PRODOPER\" ALTER (\"OPER_LINE_ID\" integer)"}



{"date":"24-04-2019 13:32","action":"upgrade_SWB","query":"ALTER TABLE \"GEORGEDB_NEW\".\"OPTM_APS_PRODOPER\" ALTER (\"RES_LINE_ID\" integer)"}



{"date":"24-04-2019 13:32","action":"upgrade_SWB","query":"ALTER TABLE \"GEORGEDB_NEW\".\"OPTM_APS_PRODOPER\" ALTER (\"OPERATION_NUMBER\" integer)"}



{"date":"24-04-2019 13:32","action":"upgrade_SWB","query":"ALTER TABLE \"GEORGEDB_NEW\".\"OPTM_APS_PRODOPER\" ALTER (\"PRIORITY\" integer)"}



{"date":"24-04-2019 13:32","action":"upgrade_SWB","query":"ALTER TABLE \"GEORGEDB_NEW\".\"OPTM_APS_PRODOPER\" ALTER (\"PROGRESS\" float)"}



{"date":"24-04-2019 13:32","action":"upgrade_SWB","query":"ALTER TABLE GEORGEDB_NEW.\"OPTM_APS_PRODOPER\" ADD (\"WO_STATUS\" integer)"}



{"date":"24-04-2019 13:32","action":"upgrade_SWB","query":"INSERT INTO GEORGEDB_NEW.\"OPTM_APS_DSHBD_SETTINGS\" ( NAME, value, \"group\") VALUES ( 'enable_today_marker', '1', 'system' )"}



{"date":"24-04-2019 13:32","action":"upgrade_SWB","query":"INSERT INTO GEORGEDB_NEW.\"OPTM_APS_DSHBD_SETTINGS\" ( NAME, value, \"group\") VALUES ( 'highlight_weekend', '1', 'system' )"}



{"date":"24-04-2019 13:32","action":"upgrade_SWB","query":"INSERT INTO GEORGEDB_NEW.\"OPTM_APS_DSHBD_SETTINGS\" ( NAME, value, \"group\") VALUES ( 'enable_multiple_select_task', '1', 'system' )"}



{"date":"24-04-2019 13:32","action":"upgrade_SWB","query":"INSERT INTO GEORGEDB_NEW.\"OPTM_APS_DSHBD_SETTINGS\" ( NAME, value, \"group\") VALUES ( 'enable_task_quick_info', '1', 'system' )"}



{"date":"24-04-2019 13:32","action":"upgrade_SWB","query":"UPDATE GEORGEDB_NEW.\"OPTM_APS_DSHBD_SETTINGS\" SET VALUE = '{\"1\":{\"tc\":\"#48be1a\",\"pc\":\"#2a8607\"},\"2\":{\"tc\":\"#4682db\",\"pc\":\"#1a68d9\"},\"3\":{\"tc\":\"#cc3d3d\",\"pc\":\"#8d0e0e\"},\"4\":{\"tc\":\"#d96c49\",\"pc\":\"#d74a1c\"},\"5\":{\"tc\":\"#f13535\",\"pc\":\"#da2c2c\"},\"6\":{\"tc\":\"#33b4ea\",\"pc\":\"#2a9dce\"},\"7\":{\"tc\":\"#c7c340\",\"pc\":\"#aea913\"},\"8\":{\"tc\":\"#626262\",\"pc\":\"#000000\"},\"9\":{\"tc\":\"#c5261b\",\"pc\":\"#941a11\"}}' WHERE NAME = 'task_type_color_set'"}



{"date":"24-04-2019 13:33","action":"install_SWB","query":"DROP TABLE GEORGEDB_NEW.\"OPTM_APS_SCH_REF\" "}



{"date":"24-04-2019 13:33","action":"install_SWB","query":"DROP TABLE GEORGEDB_NEW.\"OPTM_APS_PRODOPER\" "}



{"date":"24-04-2019 13:33","action":"install_SWB","query":"DROP TABLE GEORGEDB_NEW.\"OPTM_APS_PRODOPER_LINKS\" "}



{"date":"24-04-2019 13:33","action":"install_SWB","query":"DROP TABLE GEORGEDB_NEW.\"OPTM_APS_DSHBD_SETTINGS\""}



{"date":"24-04-2019 13:33","action":"install_SWB","query":"CREATE COLUMN TABLE \"GEORGEDB_NEW\".\"OPTM_APS_SCH_REF\" (\r\n\tOPTM_REF_ID integer NOT NULL  PRIMARY KEY  generated by default as IDENTITY, \r\n\tOPTM_PLAN_NAME varchar(100) NOT NULL, \r\n\tOPTM_FROM_DATE timestamp, \r\n\tOPTM_TO_DATE timestamp, \r\n\tOPTM_SCHEDULING_STATUS varchar(100), \r\n\tOPTM_IS_DELETED tinyint\r\n)"}



{"date":"24-04-2019 13:33","action":"install_SWB","query":"CREATE COLUMN TABLE \"GEORGEDB_NEW\".\"OPTM_APS_DSHBD_SETTINGS\" (\r\n\"ID\" integer NOT NULL  PRIMARY KEY  generated by default as IDENTITY, \r\n\"NAME\" varchar(150) NULL, \r\n\"VALUE\" text NULL, \r\n\"GROUP\" varchar(150) NULL\r\n)"}



{"date":"24-04-2019 13:33","action":"install_SWB","query":"INSERT INTO \"GEORGEDB_NEW\".OPTM_APS_DSHBD_SETTINGS (NAME, VALUE, \"GROUP\") VALUES ('default_work_center', 'all', 'system')"}



{"date":"24-04-2019 13:33","action":"install_SWB","query":"\r\nINSERT INTO \"GEORGEDB_NEW\".OPTM_APS_DSHBD_SETTINGS (NAME, VALUE, \"GROUP\") VALUES ('task_column_width', '50', 'system')"}



{"date":"24-04-2019 13:33","action":"install_SWB","query":"\r\nINSERT INTO \"GEORGEDB_NEW\".OPTM_APS_DSHBD_SETTINGS (NAME, VALUE, \"GROUP\") VALUES ('chart_table_row_height', '25', 'system')"}



{"date":"24-04-2019 13:33","action":"install_SWB","query":"\r\nINSERT INTO \"GEORGEDB_NEW\".OPTM_APS_DSHBD_SETTINGS (NAME, VALUE, \"GROUP\") VALUES ('left_panel_width', '580', 'system')"}



{"date":"24-04-2019 13:33","action":"install_SWB","query":"\r\nINSERT INTO \"GEORGEDB_NEW\".OPTM_APS_DSHBD_SETTINGS (NAME, VALUE, \"GROUP\") VALUES ('left_panel_resize', '1', 'system')"}



{"date":"24-04-2019 13:33","action":"install_SWB","query":"\r\nINSERT INTO \"GEORGEDB_NEW\".OPTM_APS_DSHBD_SETTINGS (NAME, VALUE, \"GROUP\") VALUES ('enable_keyboard_shortcut', '1', 'system')"}



{"date":"24-04-2019 13:33","action":"install_SWB","query":"\r\nINSERT INTO \"GEORGEDB_NEW\".OPTM_APS_DSHBD_SETTINGS (NAME, VALUE, \"GROUP\") VALUES ('chart_header_scale_height', '50', 'system')"}



{"date":"24-04-2019 13:33","action":"install_SWB","query":"\r\nINSERT INTO \"GEORGEDB_NEW\".OPTM_APS_DSHBD_SETTINGS (NAME, VALUE, \"GROUP\") VALUES ('default_timeline_view', 'day', 'system')"}



{"date":"24-04-2019 13:33","action":"install_SWB","query":"\r\nINSERT INTO \"GEORGEDB_NEW\".OPTM_APS_DSHBD_SETTINGS (NAME, VALUE, \"GROUP\") VALUES ('default_task_color_code', 'priority', 'system')"}



{"date":"24-04-2019 13:33","action":"install_SWB","query":"\r\nINSERT INTO \"GEORGEDB_NEW\".OPTM_APS_DSHBD_SETTINGS (NAME, VALUE, \"GROUP\") VALUES ('drag_lightbox', '1', 'system')"}



{"date":"24-04-2019 13:33","action":"install_SWB","query":"\r\nINSERT INTO \"GEORGEDB_NEW\".OPTM_APS_DSHBD_SETTINGS (NAME, VALUE, \"GROUP\") VALUES ('lightbox_additional_height', '120', 'system')"}



{"date":"24-04-2019 13:33","action":"install_SWB","query":"\r\nINSERT INTO \"GEORGEDB_NEW\".OPTM_APS_DSHBD_SETTINGS (NAME, VALUE, \"GROUP\") VALUES ('default_theme', 'material', 'system')"}



{"date":"24-04-2019 13:33","action":"install_SWB","query":"\r\nINSERT INTO \"GEORGEDB_NEW\".OPTM_APS_DSHBD_SETTINGS (NAME, VALUE, \"GROUP\") VALUES ('task_type_color_set', '{\"1\":{\"tc\":\"#48be1a\",\"pc\":\"#2a8607\"},\"2\":{\"tc\":\"#4682db\",\"pc\":\"#1a68d9\"},\"3\":{\"tc\":\"#cc3d3d\",\"pc\":\"#8d0e0e\"},\"4\":{\"tc\":\"#d96c49\",\"pc\":\"#d74a1c\"},\"5\":{\"tc\":\"#f13535\",\"pc\":\"#da2c2c\"},\"6\":{\"tc\":\"#33b4ea\",\"pc\":\"#2a9dce\"},\"7\":{\"tc\":\"#c7c340\",\"pc\":\"#aea913\"},\"8\":{\"tc\":\"#626262\",\"pc\":\"#000000\"},\"9\":{\"tc\":\"#c5261b\",\"pc\":\"#941a11\"}}', 'system')"}



{"date":"24-04-2019 13:33","action":"install_SWB","query":"\r\nINSERT INTO \"GEORGEDB_NEW\".OPTM_APS_DSHBD_SETTINGS (NAME, VALUE, \"GROUP\") VALUES ('priority_color_set', '{\"1\":{\"tc\":\"#d96c49\",\"pc\":\"#d8572e\"},\"11\":{\"tc\":\"#42b849\",\"pc\":\"#068525\"},\"31\":{\"tc\":\"#56a1ec\",\"pc\":\"#0747ae\"}}', 'system')"}



{"date":"24-04-2019 13:33","action":"install_SWB","query":"\r\nINSERT INTO \"GEORGEDB_NEW\".OPTM_APS_DSHBD_SETTINGS (NAME, VALUE, \"GROUP\") VALUES ('left_right_panel_font_size', '12', 'system')"}



{"date":"24-04-2019 13:33","action":"install_SWB","query":"\r\nINSERT INTO \"GEORGEDB_NEW\".OPTM_APS_DSHBD_SETTINGS (NAME, VALUE, \"GROUP\") VALUES ('unhighlight_color', '#e4e4e4', 'system')"}



{"date":"24-04-2019 13:33","action":"install_SWB","query":"\r\nINSERT INTO \"GEORGEDB_NEW\".OPTM_APS_DSHBD_SETTINGS (NAME, VALUE, \"GROUP\") VALUES ('default_resource_load_layout', 'detail', 'system')"}



{"date":"24-04-2019 13:33","action":"install_SWB","query":"\r\nINSERT INTO \"GEORGEDB_NEW\".OPTM_APS_DSHBD_SETTINGS (NAME, VALUE, \"GROUP\") VALUES ('resource_balanced_color', '#42b849', 'system')"}



{"date":"24-04-2019 13:33","action":"install_SWB","query":"\r\nINSERT INTO \"GEORGEDB_NEW\".OPTM_APS_DSHBD_SETTINGS (NAME, VALUE, \"GROUP\") VALUES ('resource_overload_color', '#d96c49', 'system')"}



{"date":"24-04-2019 13:33","action":"install_SWB","query":"CREATE COLUMN TABLE \"GEORGEDB_NEW\".\"OPTM_APS_PRODOPER\" (\r\nOPER_ID integer NOT NULL  PRIMARY KEY generated by default as IDENTITY, \r\nREF_ID varchar(100) NOT NULL, \r\nHEAD_DOC_ENTRY varchar(20) NOT NULL, \r\nOPER_DOC_ENTRY varchar(20) NOT NULL, \r\nOPER_LINE_ID varchar(20) NOT NULL, \r\nRES_LINE_ID varchar(20) NOT NULL, \r\nOPERATION_TYPE varchar(20) NOT NULL, \r\nTASK_TYPE varchar(20) NOT NULL, \r\nWORK_CENTER_ID varchar(100) NOT NULL, \r\nWORK_ORDER_ID varchar(100) NOT NULL, \r\nRESOURCE_ID varchar(100) NOT NULL, \r\nRESOURCE_NAME varchar(100) NOT NULL, \r\nPLANNED_RESOURCE_ID varchar(100) NOT NULL, \r\nPLANNED_RESOURCE_NAME varchar(100) NOT NULL, \r\nOPERATION_NUMBER varchar(100) NOT NULL, \r\nOPERATION_CODE varchar(100) NOT NULL, \r\nDESCRIPTION varchar(100) NOT NULL, \r\nPRIORITY varchar(100) NOT NULL, \r\nREADONLY tinyint, \r\nSTATUS varchar(50) NOT NULL, \r\nSTART_DATE timestamp, \r\nEND_DATE timestamp, \r\nDURATION varchar(50) NOT NULL, \r\nMIN_DURATION varchar(50) NOT NULL, \r\nPROGRESS varchar(50) NOT NULL, \r\nIS_LOCAL_TASK tinyint, IS_DELETED tinyint, \r\nSPLIT_TASK_GRP_ID varchar(100) NULL\r\n)"}



{"date":"24-04-2019 13:33","action":"install_SWB","query":"CREATE COLUMN TABLE \"GEORGEDB_NEW\".\"OPTM_APS_PRODOPER_LINKS\" (\r\nOPR_LINK_ID integer NOT NULL  PRIMARY KEY generated by default as IDENTITY,\r\nREF_ID varchar(100) NOT NULL, \r\nPRED_TASK_ID varchar(20) NOT NULL, \r\nSUCC_TASK_ID varchar(20) NOT NULL, \r\nCONNECTION_TYPE varchar(20) NOT NULL)"}



{"date":"24-04-2019 13:33","action":"upgrade_SWB","query":"ALTER TABLE GEORGEDB_NEW.\"OPTM_APS_PRODOPER\" ADD (\"required_resource\" integer);"}



{"date":"24-04-2019 13:33","action":"upgrade_SWB","query":"INSERT INTO \"GEORGEDB_NEW\".\"OPTM_APS_DSHBD_SETTINGS\" ( \"NAME\", \"VALUE\", \"GROUP\") VALUES ( 'enable_auto_resync_progress', '0','system' )"}



{"date":"24-04-2019 13:33","action":"upgrade_SWB","query":"INSERT INTO \"GEORGEDB_NEW\".\"OPTM_APS_DSHBD_SETTINGS\" ( \"NAME\", \"VALUE\", \"GROUP\") VALUES ( 'auto_resync_duration', '5', 'system' )"}



{"date":"24-04-2019 13:33","action":"upgrade_SWB","query":"INSERT INTO \"GEORGEDB_NEW\".\"OPTM_APS_DSHBD_SETTINGS\" ( \"NAME\", \"VALUE\", \"GROUP\") VALUES ( 'default_day_view_layout', 'hour', 'system' )"}



{"date":"24-04-2019 13:33","action":"upgrade_SWB","query":"ALTER TABLE  \"GEORGEDB_NEW\".\"OPTM_APS_SCH_REF\" ADD (\"WORKING_WC\" varchar(200) NULL)"}



{"date":"24-04-2019 13:33","action":"upgrade_SWB","query":"INSERT INTO  \"GEORGEDB_NEW\".\"OPTM_APS_DSHBD_SETTINGS\" (NAME, \"value\", \"group\") VALUES ('enable_minute_view_scale', '1', 'system')"}



{"date":"24-04-2019 13:33","action":"upgrade_SWB","query":"INSERT INTO  \"GEORGEDB_NEW\".\"OPTM_APS_DSHBD_SETTINGS\" (NAME, \"value\", \"group\") VALUES ('enable_year_view_scale', '1', 'system')"}



{"date":"24-04-2019 13:33","action":"upgrade_SWB","query":"ALTER TABLE \"GEORGEDB_NEW\".\"OPTM_APS_PRODOPER\" ALTER (\"REF_ID\" integer)"}



{"date":"24-04-2019 13:33","action":"upgrade_SWB","query":"ALTER TABLE \"GEORGEDB_NEW\".\"OPTM_APS_PRODOPER\" ALTER (\"HEAD_DOC_ENTRY\" integer)"}



{"date":"24-04-2019 13:33","action":"upgrade_SWB","query":"ALTER TABLE \"GEORGEDB_NEW\".\"OPTM_APS_PRODOPER\" ALTER (\"OPER_DOC_ENTRY\" integer)"}



{"date":"24-04-2019 13:33","action":"upgrade_SWB","query":"ALTER TABLE \"GEORGEDB_NEW\".\"OPTM_APS_PRODOPER\" ALTER (\"OPER_LINE_ID\" integer)"}



{"date":"24-04-2019 13:33","action":"upgrade_SWB","query":"ALTER TABLE \"GEORGEDB_NEW\".\"OPTM_APS_PRODOPER\" ALTER (\"RES_LINE_ID\" integer)"}



{"date":"24-04-2019 13:33","action":"upgrade_SWB","query":"ALTER TABLE \"GEORGEDB_NEW\".\"OPTM_APS_PRODOPER\" ALTER (\"OPERATION_NUMBER\" integer)"}



{"date":"24-04-2019 13:33","action":"upgrade_SWB","query":"ALTER TABLE \"GEORGEDB_NEW\".\"OPTM_APS_PRODOPER\" ALTER (\"PRIORITY\" integer)"}



{"date":"24-04-2019 13:33","action":"upgrade_SWB","query":"ALTER TABLE \"GEORGEDB_NEW\".\"OPTM_APS_PRODOPER\" ALTER (\"PROGRESS\" float)"}



{"date":"24-04-2019 13:33","action":"upgrade_SWB","query":"ALTER TABLE GEORGEDB_NEW.\"OPTM_APS_PRODOPER\" ADD (\"WO_STATUS\" integer)"}



{"date":"24-04-2019 13:33","action":"upgrade_SWB","query":"INSERT INTO GEORGEDB_NEW.\"OPTM_APS_DSHBD_SETTINGS\" ( NAME, value, \"group\") VALUES ( 'enable_today_marker', '1', 'system' )"}



{"date":"24-04-2019 13:33","action":"upgrade_SWB","query":"INSERT INTO GEORGEDB_NEW.\"OPTM_APS_DSHBD_SETTINGS\" ( NAME, value, \"group\") VALUES ( 'highlight_weekend', '1', 'system' )"}



{"date":"24-04-2019 13:33","action":"upgrade_SWB","query":"INSERT INTO GEORGEDB_NEW.\"OPTM_APS_DSHBD_SETTINGS\" ( NAME, value, \"group\") VALUES ( 'enable_multiple_select_task', '1', 'system' )"}



{"date":"24-04-2019 13:33","action":"upgrade_SWB","query":"INSERT INTO GEORGEDB_NEW.\"OPTM_APS_DSHBD_SETTINGS\" ( NAME, value, \"group\") VALUES ( 'enable_task_quick_info', '1', 'system' )"}



{"date":"24-04-2019 13:33","action":"upgrade_SWB","query":"UPDATE GEORGEDB_NEW.\"OPTM_APS_DSHBD_SETTINGS\" SET VALUE = '{\"1\":{\"tc\":\"#48be1a\",\"pc\":\"#2a8607\"},\"2\":{\"tc\":\"#4682db\",\"pc\":\"#1a68d9\"},\"3\":{\"tc\":\"#cc3d3d\",\"pc\":\"#8d0e0e\"},\"4\":{\"tc\":\"#d96c49\",\"pc\":\"#d74a1c\"},\"5\":{\"tc\":\"#f13535\",\"pc\":\"#da2c2c\"},\"6\":{\"tc\":\"#33b4ea\",\"pc\":\"#2a9dce\"},\"7\":{\"tc\":\"#c7c340\",\"pc\":\"#aea913\"},\"8\":{\"tc\":\"#626262\",\"pc\":\"#000000\"},\"9\":{\"tc\":\"#c5261b\",\"pc\":\"#941a11\"}}' WHERE NAME = 'task_type_color_set'"}



{"date":"24-04-2019 13:33","action":"install_SWB","query":"DROP TABLE GEORGEDB_NEW.\"OPTM_APS_SCH_REF\" "}



{"date":"24-04-2019 13:33","action":"install_SWB","query":"DROP TABLE GEORGEDB_NEW.\"OPTM_APS_PRODOPER\" "}



{"date":"24-04-2019 13:33","action":"install_SWB","query":"DROP TABLE GEORGEDB_NEW.\"OPTM_APS_PRODOPER_LINKS\" "}



{"date":"24-04-2019 13:33","action":"install_SWB","query":"DROP TABLE GEORGEDB_NEW.\"OPTM_APS_DSHBD_SETTINGS\""}



{"date":"24-04-2019 13:33","action":"install_SWB","query":"CREATE COLUMN TABLE \"GEORGEDB_NEW\".\"OPTM_APS_SCH_REF\" (\r\n\tOPTM_REF_ID integer NOT NULL  PRIMARY KEY  generated by default as IDENTITY, \r\n\tOPTM_PLAN_NAME varchar(100) NOT NULL, \r\n\tOPTM_FROM_DATE timestamp, \r\n\tOPTM_TO_DATE timestamp, \r\n\tOPTM_SCHEDULING_STATUS varchar(100), \r\n\tOPTM_IS_DELETED tinyint\r\n)"}



{"date":"24-04-2019 13:33","action":"install_SWB","query":"CREATE COLUMN TABLE \"GEORGEDB_NEW\".\"OPTM_APS_DSHBD_SETTINGS\" (\r\n\"ID\" integer NOT NULL  PRIMARY KEY  generated by default as IDENTITY, \r\n\"NAME\" varchar(150) NULL, \r\n\"VALUE\" text NULL, \r\n\"GROUP\" varchar(150) NULL\r\n)"}



{"date":"24-04-2019 13:33","action":"install_SWB","query":"INSERT INTO \"GEORGEDB_NEW\".OPTM_APS_DSHBD_SETTINGS (NAME, VALUE, \"GROUP\") VALUES ('default_work_center', 'all', 'system')"}



{"date":"24-04-2019 13:33","action":"install_SWB","query":"\r\nINSERT INTO \"GEORGEDB_NEW\".OPTM_APS_DSHBD_SETTINGS (NAME, VALUE, \"GROUP\") VALUES ('task_column_width', '50', 'system')"}



{"date":"24-04-2019 13:33","action":"install_SWB","query":"\r\nINSERT INTO \"GEORGEDB_NEW\".OPTM_APS_DSHBD_SETTINGS (NAME, VALUE, \"GROUP\") VALUES ('chart_table_row_height', '25', 'system')"}



{"date":"24-04-2019 13:33","action":"install_SWB","query":"\r\nINSERT INTO \"GEORGEDB_NEW\".OPTM_APS_DSHBD_SETTINGS (NAME, VALUE, \"GROUP\") VALUES ('left_panel_width', '580', 'system')"}



{"date":"24-04-2019 13:33","action":"install_SWB","query":"\r\nINSERT INTO \"GEORGEDB_NEW\".OPTM_APS_DSHBD_SETTINGS (NAME, VALUE, \"GROUP\") VALUES ('left_panel_resize', '1', 'system')"}



{"date":"24-04-2019 13:33","action":"install_SWB","query":"\r\nINSERT INTO \"GEORGEDB_NEW\".OPTM_APS_DSHBD_SETTINGS (NAME, VALUE, \"GROUP\") VALUES ('enable_keyboard_shortcut', '1', 'system')"}



{"date":"24-04-2019 13:33","action":"install_SWB","query":"\r\nINSERT INTO \"GEORGEDB_NEW\".OPTM_APS_DSHBD_SETTINGS (NAME, VALUE, \"GROUP\") VALUES ('chart_header_scale_height', '50', 'system')"}



{"date":"24-04-2019 13:33","action":"install_SWB","query":"\r\nINSERT INTO \"GEORGEDB_NEW\".OPTM_APS_DSHBD_SETTINGS (NAME, VALUE, \"GROUP\") VALUES ('default_timeline_view', 'day', 'system')"}



{"date":"24-04-2019 13:33","action":"install_SWB","query":"\r\nINSERT INTO \"GEORGEDB_NEW\".OPTM_APS_DSHBD_SETTINGS (NAME, VALUE, \"GROUP\") VALUES ('default_task_color_code', 'priority', 'system')"}



{"date":"24-04-2019 13:33","action":"install_SWB","query":"\r\nINSERT INTO \"GEORGEDB_NEW\".OPTM_APS_DSHBD_SETTINGS (NAME, VALUE, \"GROUP\") VALUES ('drag_lightbox', '1', 'system')"}



{"date":"24-04-2019 13:33","action":"install_SWB","query":"\r\nINSERT INTO \"GEORGEDB_NEW\".OPTM_APS_DSHBD_SETTINGS (NAME, VALUE, \"GROUP\") VALUES ('lightbox_additional_height', '120', 'system')"}



{"date":"24-04-2019 13:33","action":"install_SWB","query":"\r\nINSERT INTO \"GEORGEDB_NEW\".OPTM_APS_DSHBD_SETTINGS (NAME, VALUE, \"GROUP\") VALUES ('default_theme', 'material', 'system')"}



{"date":"24-04-2019 13:33","action":"install_SWB","query":"\r\nINSERT INTO \"GEORGEDB_NEW\".OPTM_APS_DSHBD_SETTINGS (NAME, VALUE, \"GROUP\") VALUES ('task_type_color_set', '{\"1\":{\"tc\":\"#48be1a\",\"pc\":\"#2a8607\"},\"2\":{\"tc\":\"#4682db\",\"pc\":\"#1a68d9\"},\"3\":{\"tc\":\"#cc3d3d\",\"pc\":\"#8d0e0e\"},\"4\":{\"tc\":\"#d96c49\",\"pc\":\"#d74a1c\"},\"5\":{\"tc\":\"#f13535\",\"pc\":\"#da2c2c\"},\"6\":{\"tc\":\"#33b4ea\",\"pc\":\"#2a9dce\"},\"7\":{\"tc\":\"#c7c340\",\"pc\":\"#aea913\"},\"8\":{\"tc\":\"#626262\",\"pc\":\"#000000\"},\"9\":{\"tc\":\"#c5261b\",\"pc\":\"#941a11\"}}', 'system')"}



{"date":"24-04-2019 13:33","action":"install_SWB","query":"\r\nINSERT INTO \"GEORGEDB_NEW\".OPTM_APS_DSHBD_SETTINGS (NAME, VALUE, \"GROUP\") VALUES ('priority_color_set', '{\"1\":{\"tc\":\"#d96c49\",\"pc\":\"#d8572e\"},\"11\":{\"tc\":\"#42b849\",\"pc\":\"#068525\"},\"31\":{\"tc\":\"#56a1ec\",\"pc\":\"#0747ae\"}}', 'system')"}



{"date":"24-04-2019 13:33","action":"install_SWB","query":"\r\nINSERT INTO \"GEORGEDB_NEW\".OPTM_APS_DSHBD_SETTINGS (NAME, VALUE, \"GROUP\") VALUES ('left_right_panel_font_size', '12', 'system')"}



{"date":"24-04-2019 13:33","action":"install_SWB","query":"\r\nINSERT INTO \"GEORGEDB_NEW\".OPTM_APS_DSHBD_SETTINGS (NAME, VALUE, \"GROUP\") VALUES ('unhighlight_color', '#e4e4e4', 'system')"}



{"date":"24-04-2019 13:33","action":"install_SWB","query":"\r\nINSERT INTO \"GEORGEDB_NEW\".OPTM_APS_DSHBD_SETTINGS (NAME, VALUE, \"GROUP\") VALUES ('default_resource_load_layout', 'detail', 'system')"}



{"date":"24-04-2019 13:33","action":"install_SWB","query":"\r\nINSERT INTO \"GEORGEDB_NEW\".OPTM_APS_DSHBD_SETTINGS (NAME, VALUE, \"GROUP\") VALUES ('resource_balanced_color', '#42b849', 'system')"}



{"date":"24-04-2019 13:33","action":"install_SWB","query":"\r\nINSERT INTO \"GEORGEDB_NEW\".OPTM_APS_DSHBD_SETTINGS (NAME, VALUE, \"GROUP\") VALUES ('resource_overload_color', '#d96c49', 'system')"}



{"date":"24-04-2019 13:33","action":"install_SWB","query":"CREATE COLUMN TABLE \"GEORGEDB_NEW\".\"OPTM_APS_PRODOPER\" (\r\nOPER_ID integer NOT NULL  PRIMARY KEY generated by default as IDENTITY, \r\nREF_ID varchar(100) NOT NULL, \r\nHEAD_DOC_ENTRY varchar(20) NOT NULL, \r\nOPER_DOC_ENTRY varchar(20) NOT NULL, \r\nOPER_LINE_ID varchar(20) NOT NULL, \r\nRES_LINE_ID varchar(20) NOT NULL, \r\nOPERATION_TYPE varchar(20) NOT NULL, \r\nTASK_TYPE varchar(20) NOT NULL, \r\nWORK_CENTER_ID varchar(100) NOT NULL, \r\nWORK_ORDER_ID varchar(100) NOT NULL, \r\nRESOURCE_ID varchar(100) NOT NULL, \r\nRESOURCE_NAME varchar(100) NOT NULL, \r\nPLANNED_RESOURCE_ID varchar(100) NOT NULL, \r\nPLANNED_RESOURCE_NAME varchar(100) NOT NULL, \r\nOPERATION_NUMBER varchar(100) NOT NULL, \r\nOPERATION_CODE varchar(100) NOT NULL, \r\nDESCRIPTION varchar(100) NOT NULL, \r\nPRIORITY varchar(100) NOT NULL, \r\nREADONLY tinyint, \r\nSTATUS varchar(50) NOT NULL, \r\nSTART_DATE timestamp, \r\nEND_DATE timestamp, \r\nDURATION varchar(50) NOT NULL, \r\nMIN_DURATION varchar(50) NOT NULL, \r\nPROGRESS varchar(50) NOT NULL, \r\nIS_LOCAL_TASK tinyint, IS_DELETED tinyint, \r\nSPLIT_TASK_GRP_ID varchar(100) NULL\r\n)"}



{"date":"24-04-2019 13:33","action":"install_SWB","query":"CREATE COLUMN TABLE \"GEORGEDB_NEW\".\"OPTM_APS_PRODOPER_LINKS\" (\r\nOPR_LINK_ID integer NOT NULL  PRIMARY KEY generated by default as IDENTITY,\r\nREF_ID varchar(100) NOT NULL, \r\nPRED_TASK_ID varchar(20) NOT NULL, \r\nSUCC_TASK_ID varchar(20) NOT NULL, \r\nCONNECTION_TYPE varchar(20) NOT NULL)"}



{"date":"24-04-2019 13:33","action":"upgrade_SWB","query":"ALTER TABLE GEORGEDB_NEW.\"OPTM_APS_PRODOPER\" ADD (\"required_resource\" integer);"}



{"date":"24-04-2019 13:33","action":"upgrade_SWB","query":"INSERT INTO \"GEORGEDB_NEW\".\"OPTM_APS_DSHBD_SETTINGS\" ( \"NAME\", \"VALUE\", \"GROUP\") VALUES ( 'enable_auto_resync_progress', '0','system' )"}



{"date":"24-04-2019 13:33","action":"upgrade_SWB","query":"INSERT INTO \"GEORGEDB_NEW\".\"OPTM_APS_DSHBD_SETTINGS\" ( \"NAME\", \"VALUE\", \"GROUP\") VALUES ( 'auto_resync_duration', '5', 'system' )"}



{"date":"24-04-2019 13:33","action":"upgrade_SWB","query":"INSERT INTO \"GEORGEDB_NEW\".\"OPTM_APS_DSHBD_SETTINGS\" ( \"NAME\", \"VALUE\", \"GROUP\") VALUES ( 'default_day_view_layout', 'hour', 'system' )"}



{"date":"24-04-2019 13:33","action":"upgrade_SWB","query":"ALTER TABLE  \"GEORGEDB_NEW\".\"OPTM_APS_SCH_REF\" ADD (\"WORKING_WC\" varchar(200) NULL)"}



{"date":"24-04-2019 13:33","action":"upgrade_SWB","query":"INSERT INTO  \"GEORGEDB_NEW\".\"OPTM_APS_DSHBD_SETTINGS\" (NAME, \"value\", \"group\") VALUES ('enable_minute_view_scale', '1', 'system')"}



{"date":"24-04-2019 13:33","action":"upgrade_SWB","query":"INSERT INTO  \"GEORGEDB_NEW\".\"OPTM_APS_DSHBD_SETTINGS\" (NAME, \"value\", \"group\") VALUES ('enable_year_view_scale', '1', 'system')"}



{"date":"24-04-2019 13:33","action":"upgrade_SWB","query":"ALTER TABLE \"GEORGEDB_NEW\".\"OPTM_APS_PRODOPER\" ALTER (\"REF_ID\" integer)"}



{"date":"24-04-2019 13:33","action":"upgrade_SWB","query":"ALTER TABLE \"GEORGEDB_NEW\".\"OPTM_APS_PRODOPER\" ALTER (\"HEAD_DOC_ENTRY\" integer)"}



{"date":"24-04-2019 13:33","action":"upgrade_SWB","query":"ALTER TABLE \"GEORGEDB_NEW\".\"OPTM_APS_PRODOPER\" ALTER (\"OPER_DOC_ENTRY\" integer)"}



{"date":"24-04-2019 13:33","action":"upgrade_SWB","query":"ALTER TABLE \"GEORGEDB_NEW\".\"OPTM_APS_PRODOPER\" ALTER (\"OPER_LINE_ID\" integer)"}



{"date":"24-04-2019 13:33","action":"upgrade_SWB","query":"ALTER TABLE \"GEORGEDB_NEW\".\"OPTM_APS_PRODOPER\" ALTER (\"RES_LINE_ID\" integer)"}



{"date":"24-04-2019 13:33","action":"upgrade_SWB","query":"ALTER TABLE \"GEORGEDB_NEW\".\"OPTM_APS_PRODOPER\" ALTER (\"OPERATION_NUMBER\" integer)"}



{"date":"24-04-2019 13:33","action":"upgrade_SWB","query":"ALTER TABLE \"GEORGEDB_NEW\".\"OPTM_APS_PRODOPER\" ALTER (\"PRIORITY\" integer)"}



{"date":"24-04-2019 13:33","action":"upgrade_SWB","query":"ALTER TABLE \"GEORGEDB_NEW\".\"OPTM_APS_PRODOPER\" ALTER (\"PROGRESS\" float)"}



{"date":"24-04-2019 13:33","action":"upgrade_SWB","query":"ALTER TABLE GEORGEDB_NEW.\"OPTM_APS_PRODOPER\" ADD (\"WO_STATUS\" integer)"}



{"date":"24-04-2019 13:33","action":"upgrade_SWB","query":"INSERT INTO GEORGEDB_NEW.\"OPTM_APS_DSHBD_SETTINGS\" ( NAME, value, \"group\") VALUES ( 'enable_today_marker', '1', 'system' )"}



{"date":"24-04-2019 13:33","action":"upgrade_SWB","query":"INSERT INTO GEORGEDB_NEW.\"OPTM_APS_DSHBD_SETTINGS\" ( NAME, value, \"group\") VALUES ( 'highlight_weekend', '1', 'system' )"}



{"date":"24-04-2019 13:33","action":"upgrade_SWB","query":"INSERT INTO GEORGEDB_NEW.\"OPTM_APS_DSHBD_SETTINGS\" ( NAME, value, \"group\") VALUES ( 'enable_multiple_select_task', '1', 'system' )"}



{"date":"24-04-2019 13:33","action":"upgrade_SWB","query":"INSERT INTO GEORGEDB_NEW.\"OPTM_APS_DSHBD_SETTINGS\" ( NAME, value, \"group\") VALUES ( 'enable_task_quick_info', '1', 'system' )"}



{"date":"24-04-2019 13:33","action":"upgrade_SWB","query":"UPDATE GEORGEDB_NEW.\"OPTM_APS_DSHBD_SETTINGS\" SET VALUE = '{\"1\":{\"tc\":\"#48be1a\",\"pc\":\"#2a8607\"},\"2\":{\"tc\":\"#4682db\",\"pc\":\"#1a68d9\"},\"3\":{\"tc\":\"#cc3d3d\",\"pc\":\"#8d0e0e\"},\"4\":{\"tc\":\"#d96c49\",\"pc\":\"#d74a1c\"},\"5\":{\"tc\":\"#f13535\",\"pc\":\"#da2c2c\"},\"6\":{\"tc\":\"#33b4ea\",\"pc\":\"#2a9dce\"},\"7\":{\"tc\":\"#c7c340\",\"pc\":\"#aea913\"},\"8\":{\"tc\":\"#626262\",\"pc\":\"#000000\"},\"9\":{\"tc\":\"#c5261b\",\"pc\":\"#941a11\"}}' WHERE NAME = 'task_type_color_set'"}



{"date":"24-04-2019 13:37","action":"install_SWB","query":"DROP TABLE GEORGEDB_NEW.\"OPTM_APS_SCH_REF\" "}



{"date":"24-04-2019 13:37","action":"install_SWB","query":"DROP TABLE GEORGEDB_NEW.\"OPTM_APS_PRODOPER\" "}



{"date":"24-04-2019 13:37","action":"install_SWB","query":"DROP TABLE GEORGEDB_NEW.\"OPTM_APS_PRODOPER_LINKS\" "}



{"date":"24-04-2019 13:37","action":"install_SWB","query":"DROP TABLE GEORGEDB_NEW.\"OPTM_APS_DSHBD_SETTINGS\""}



{"date":"24-04-2019 13:37","action":"install_SWB","query":"CREATE COLUMN TABLE \"GEORGEDB_NEW\".\"OPTM_APS_SCH_REF\" (\r\n\tOPTM_REF_ID integer NOT NULL  PRIMARY KEY  generated by default as IDENTITY, \r\n\tOPTM_PLAN_NAME varchar(100) NOT NULL, \r\n\tOPTM_FROM_DATE timestamp, \r\n\tOPTM_TO_DATE timestamp, \r\n\tOPTM_SCHEDULING_STATUS varchar(100), \r\n\tOPTM_IS_DELETED tinyint\r\n)"}



{"date":"24-04-2019 13:37","action":"install_SWB","query":"CREATE COLUMN TABLE \"GEORGEDB_NEW\".\"OPTM_APS_DSHBD_SETTINGS\" (\r\n\"ID\" integer NOT NULL  PRIMARY KEY  generated by default as IDENTITY, \r\n\"NAME\" varchar(150) NULL, \r\n\"VALUE\" text NULL, \r\n\"GROUP\" varchar(150) NULL\r\n)"}



{"date":"24-04-2019 13:37","action":"install_SWB","query":"INSERT INTO \"GEORGEDB_NEW\".OPTM_APS_DSHBD_SETTINGS (NAME, VALUE, \"GROUP\") VALUES ('default_work_center', 'all', 'system')"}



{"date":"24-04-2019 13:37","action":"install_SWB","query":"\r\nINSERT INTO \"GEORGEDB_NEW\".OPTM_APS_DSHBD_SETTINGS (NAME, VALUE, \"GROUP\") VALUES ('task_column_width', '50', 'system')"}



{"date":"24-04-2019 13:37","action":"install_SWB","query":"\r\nINSERT INTO \"GEORGEDB_NEW\".OPTM_APS_DSHBD_SETTINGS (NAME, VALUE, \"GROUP\") VALUES ('chart_table_row_height', '25', 'system')"}



{"date":"24-04-2019 13:37","action":"install_SWB","query":"\r\nINSERT INTO \"GEORGEDB_NEW\".OPTM_APS_DSHBD_SETTINGS (NAME, VALUE, \"GROUP\") VALUES ('left_panel_width', '580', 'system')"}



{"date":"24-04-2019 13:37","action":"install_SWB","query":"\r\nINSERT INTO \"GEORGEDB_NEW\".OPTM_APS_DSHBD_SETTINGS (NAME, VALUE, \"GROUP\") VALUES ('left_panel_resize', '1', 'system')"}



{"date":"24-04-2019 13:37","action":"install_SWB","query":"\r\nINSERT INTO \"GEORGEDB_NEW\".OPTM_APS_DSHBD_SETTINGS (NAME, VALUE, \"GROUP\") VALUES ('enable_keyboard_shortcut', '1', 'system')"}



{"date":"24-04-2019 13:37","action":"install_SWB","query":"\r\nINSERT INTO \"GEORGEDB_NEW\".OPTM_APS_DSHBD_SETTINGS (NAME, VALUE, \"GROUP\") VALUES ('chart_header_scale_height', '50', 'system')"}



{"date":"24-04-2019 13:37","action":"install_SWB","query":"\r\nINSERT INTO \"GEORGEDB_NEW\".OPTM_APS_DSHBD_SETTINGS (NAME, VALUE, \"GROUP\") VALUES ('default_timeline_view', 'day', 'system')"}



{"date":"24-04-2019 13:37","action":"install_SWB","query":"\r\nINSERT INTO \"GEORGEDB_NEW\".OPTM_APS_DSHBD_SETTINGS (NAME, VALUE, \"GROUP\") VALUES ('default_task_color_code', 'priority', 'system')"}



{"date":"24-04-2019 13:37","action":"install_SWB","query":"\r\nINSERT INTO \"GEORGEDB_NEW\".OPTM_APS_DSHBD_SETTINGS (NAME, VALUE, \"GROUP\") VALUES ('drag_lightbox', '1', 'system')"}



{"date":"24-04-2019 13:37","action":"install_SWB","query":"\r\nINSERT INTO \"GEORGEDB_NEW\".OPTM_APS_DSHBD_SETTINGS (NAME, VALUE, \"GROUP\") VALUES ('lightbox_additional_height', '120', 'system')"}



{"date":"24-04-2019 13:37","action":"install_SWB","query":"\r\nINSERT INTO \"GEORGEDB_NEW\".OPTM_APS_DSHBD_SETTINGS (NAME, VALUE, \"GROUP\") VALUES ('default_theme', 'material', 'system')"}



{"date":"24-04-2019 13:37","action":"install_SWB","query":"\r\nINSERT INTO \"GEORGEDB_NEW\".OPTM_APS_DSHBD_SETTINGS (NAME, VALUE, \"GROUP\") VALUES ('task_type_color_set', '{\"1\":{\"tc\":\"#48be1a\",\"pc\":\"#2a8607\"},\"2\":{\"tc\":\"#4682db\",\"pc\":\"#1a68d9\"},\"3\":{\"tc\":\"#cc3d3d\",\"pc\":\"#8d0e0e\"},\"4\":{\"tc\":\"#d96c49\",\"pc\":\"#d74a1c\"},\"5\":{\"tc\":\"#f13535\",\"pc\":\"#da2c2c\"},\"6\":{\"tc\":\"#33b4ea\",\"pc\":\"#2a9dce\"},\"7\":{\"tc\":\"#c7c340\",\"pc\":\"#aea913\"},\"8\":{\"tc\":\"#626262\",\"pc\":\"#000000\"},\"9\":{\"tc\":\"#c5261b\",\"pc\":\"#941a11\"}}', 'system')"}



{"date":"24-04-2019 13:37","action":"install_SWB","query":"\r\nINSERT INTO \"GEORGEDB_NEW\".OPTM_APS_DSHBD_SETTINGS (NAME, VALUE, \"GROUP\") VALUES ('priority_color_set', '{\"1\":{\"tc\":\"#d96c49\",\"pc\":\"#d8572e\"},\"11\":{\"tc\":\"#42b849\",\"pc\":\"#068525\"},\"31\":{\"tc\":\"#56a1ec\",\"pc\":\"#0747ae\"}}', 'system')"}



{"date":"24-04-2019 13:37","action":"install_SWB","query":"\r\nINSERT INTO \"GEORGEDB_NEW\".OPTM_APS_DSHBD_SETTINGS (NAME, VALUE, \"GROUP\") VALUES ('left_right_panel_font_size', '12', 'system')"}



{"date":"24-04-2019 13:37","action":"install_SWB","query":"\r\nINSERT INTO \"GEORGEDB_NEW\".OPTM_APS_DSHBD_SETTINGS (NAME, VALUE, \"GROUP\") VALUES ('unhighlight_color', '#e4e4e4', 'system')"}



{"date":"24-04-2019 13:37","action":"install_SWB","query":"\r\nINSERT INTO \"GEORGEDB_NEW\".OPTM_APS_DSHBD_SETTINGS (NAME, VALUE, \"GROUP\") VALUES ('default_resource_load_layout', 'detail', 'system')"}



{"date":"24-04-2019 13:37","action":"install_SWB","query":"\r\nINSERT INTO \"GEORGEDB_NEW\".OPTM_APS_DSHBD_SETTINGS (NAME, VALUE, \"GROUP\") VALUES ('resource_balanced_color', '#42b849', 'system')"}



{"date":"24-04-2019 13:37","action":"install_SWB","query":"\r\nINSERT INTO \"GEORGEDB_NEW\".OPTM_APS_DSHBD_SETTINGS (NAME, VALUE, \"GROUP\") VALUES ('resource_overload_color', '#d96c49', 'system')"}



{"date":"24-04-2019 13:37","action":"install_SWB","query":"CREATE COLUMN TABLE \"GEORGEDB_NEW\".\"OPTM_APS_PRODOPER\" (\r\nOPER_ID integer NOT NULL  PRIMARY KEY generated by default as IDENTITY, \r\nREF_ID varchar(100) NOT NULL, \r\nHEAD_DOC_ENTRY varchar(20) NOT NULL, \r\nOPER_DOC_ENTRY varchar(20) NOT NULL, \r\nOPER_LINE_ID varchar(20) NOT NULL, \r\nRES_LINE_ID varchar(20) NOT NULL, \r\nOPERATION_TYPE varchar(20) NOT NULL, \r\nTASK_TYPE varchar(20) NOT NULL, \r\nWORK_CENTER_ID varchar(100) NOT NULL, \r\nWORK_ORDER_ID varchar(100) NOT NULL, \r\nRESOURCE_ID varchar(100) NOT NULL, \r\nRESOURCE_NAME varchar(100) NOT NULL, \r\nPLANNED_RESOURCE_ID varchar(100) NOT NULL, \r\nPLANNED_RESOURCE_NAME varchar(100) NOT NULL, \r\nOPERATION_NUMBER varchar(100) NOT NULL, \r\nOPERATION_CODE varchar(100) NOT NULL, \r\nDESCRIPTION varchar(100) NOT NULL, \r\nPRIORITY varchar(100) NOT NULL, \r\nREADONLY tinyint, \r\nSTATUS varchar(50) NOT NULL, \r\nSTART_DATE timestamp, \r\nEND_DATE timestamp, \r\nDURATION varchar(50) NOT NULL, \r\nMIN_DURATION varchar(50) NOT NULL, \r\nPROGRESS varchar(50) NOT NULL, \r\nIS_LOCAL_TASK tinyint, IS_DELETED tinyint, \r\nSPLIT_TASK_GRP_ID varchar(100) NULL\r\n)"}



{"date":"24-04-2019 13:37","action":"install_SWB","query":"CREATE COLUMN TABLE \"GEORGEDB_NEW\".\"OPTM_APS_PRODOPER_LINKS\" (\r\nOPR_LINK_ID integer NOT NULL  PRIMARY KEY generated by default as IDENTITY,\r\nREF_ID varchar(100) NOT NULL, \r\nPRED_TASK_ID varchar(20) NOT NULL, \r\nSUCC_TASK_ID varchar(20) NOT NULL, \r\nCONNECTION_TYPE varchar(20) NOT NULL)"}



{"date":"24-04-2019 13:37","action":"upgrade_SWB","query":"ALTER TABLE GEORGEDB_NEW.\"OPTM_APS_PRODOPER\" ADD (\"required_resource\" integer);"}



{"date":"24-04-2019 13:37","action":"upgrade_SWB","query":"INSERT INTO \"GEORGEDB_NEW\".\"OPTM_APS_DSHBD_SETTINGS\" ( \"NAME\", \"VALUE\", \"GROUP\") VALUES ( 'enable_auto_resync_progress', '0','system' )"}



{"date":"24-04-2019 13:37","action":"upgrade_SWB","query":"INSERT INTO \"GEORGEDB_NEW\".\"OPTM_APS_DSHBD_SETTINGS\" ( \"NAME\", \"VALUE\", \"GROUP\") VALUES ( 'auto_resync_duration', '5', 'system' )"}



{"date":"24-04-2019 13:37","action":"upgrade_SWB","query":"INSERT INTO \"GEORGEDB_NEW\".\"OPTM_APS_DSHBD_SETTINGS\" ( \"NAME\", \"VALUE\", \"GROUP\") VALUES ( 'default_day_view_layout', 'hour', 'system' )"}



{"date":"24-04-2019 13:37","action":"upgrade_SWB","query":"ALTER TABLE  \"GEORGEDB_NEW\".\"OPTM_APS_SCH_REF\" ADD (\"WORKING_WC\" varchar(200) NULL)"}



{"date":"24-04-2019 13:37","action":"upgrade_SWB","query":"INSERT INTO  \"GEORGEDB_NEW\".\"OPTM_APS_DSHBD_SETTINGS\" (NAME, \"value\", \"group\") VALUES ('enable_minute_view_scale', '1', 'system')"}



{"date":"24-04-2019 13:37","action":"upgrade_SWB","query":"INSERT INTO  \"GEORGEDB_NEW\".\"OPTM_APS_DSHBD_SETTINGS\" (NAME, \"value\", \"group\") VALUES ('enable_year_view_scale', '1', 'system')"}



{"date":"24-04-2019 13:37","action":"upgrade_SWB","query":"ALTER TABLE \"GEORGEDB_NEW\".\"OPTM_APS_PRODOPER\" ALTER (\"REF_ID\" integer)"}



{"date":"24-04-2019 13:37","action":"upgrade_SWB","query":"ALTER TABLE \"GEORGEDB_NEW\".\"OPTM_APS_PRODOPER\" ALTER (\"HEAD_DOC_ENTRY\" integer)"}



{"date":"24-04-2019 13:37","action":"upgrade_SWB","query":"ALTER TABLE \"GEORGEDB_NEW\".\"OPTM_APS_PRODOPER\" ALTER (\"OPER_DOC_ENTRY\" integer)"}



{"date":"24-04-2019 13:37","action":"upgrade_SWB","query":"ALTER TABLE \"GEORGEDB_NEW\".\"OPTM_APS_PRODOPER\" ALTER (\"OPER_LINE_ID\" integer)"}



{"date":"24-04-2019 13:37","action":"upgrade_SWB","query":"ALTER TABLE \"GEORGEDB_NEW\".\"OPTM_APS_PRODOPER\" ALTER (\"RES_LINE_ID\" integer)"}



{"date":"24-04-2019 13:37","action":"upgrade_SWB","query":"ALTER TABLE \"GEORGEDB_NEW\".\"OPTM_APS_PRODOPER\" ALTER (\"OPERATION_NUMBER\" integer)"}



{"date":"24-04-2019 13:37","action":"upgrade_SWB","query":"ALTER TABLE \"GEORGEDB_NEW\".\"OPTM_APS_PRODOPER\" ALTER (\"PRIORITY\" integer)"}



{"date":"24-04-2019 13:37","action":"upgrade_SWB","query":"ALTER TABLE \"GEORGEDB_NEW\".\"OPTM_APS_PRODOPER\" ALTER (\"PROGRESS\" float)"}



{"date":"24-04-2019 13:37","action":"upgrade_SWB","query":"ALTER TABLE GEORGEDB_NEW.\"OPTM_APS_PRODOPER\" ADD (\"WO_STATUS\" integer)"}



{"date":"24-04-2019 13:37","action":"upgrade_SWB","query":"INSERT INTO GEORGEDB_NEW.\"OPTM_APS_DSHBD_SETTINGS\" ( NAME, value, \"group\") VALUES ( 'enable_today_marker', '1', 'system' )"}



{"date":"24-04-2019 13:37","action":"upgrade_SWB","query":"INSERT INTO GEORGEDB_NEW.\"OPTM_APS_DSHBD_SETTINGS\" ( NAME, value, \"group\") VALUES ( 'highlight_weekend', '1', 'system' )"}



{"date":"24-04-2019 13:37","action":"upgrade_SWB","query":"INSERT INTO GEORGEDB_NEW.\"OPTM_APS_DSHBD_SETTINGS\" ( NAME, value, \"group\") VALUES ( 'enable_multiple_select_task', '1', 'system' )"}



{"date":"24-04-2019 13:37","action":"upgrade_SWB","query":"INSERT INTO GEORGEDB_NEW.\"OPTM_APS_DSHBD_SETTINGS\" ( NAME, value, \"group\") VALUES ( 'enable_task_quick_info', '1', 'system' )"}



{"date":"24-04-2019 13:37","action":"upgrade_SWB","query":"UPDATE GEORGEDB_NEW.\"OPTM_APS_DSHBD_SETTINGS\" SET VALUE = '{\"1\":{\"tc\":\"#48be1a\",\"pc\":\"#2a8607\"},\"2\":{\"tc\":\"#4682db\",\"pc\":\"#1a68d9\"},\"3\":{\"tc\":\"#cc3d3d\",\"pc\":\"#8d0e0e\"},\"4\":{\"tc\":\"#d96c49\",\"pc\":\"#d74a1c\"},\"5\":{\"tc\":\"#f13535\",\"pc\":\"#da2c2c\"},\"6\":{\"tc\":\"#33b4ea\",\"pc\":\"#2a9dce\"},\"7\":{\"tc\":\"#c7c340\",\"pc\":\"#aea913\"},\"8\":{\"tc\":\"#626262\",\"pc\":\"#000000\"},\"9\":{\"tc\":\"#c5261b\",\"pc\":\"#941a11\"}}' WHERE NAME = 'task_type_color_set'"}

